<?xml version="1.0" encoding="UTF-8"?>
<testng-results skipped="0" failed="0" ignored="0" total="1" passed="1">
  <reporter-output>
  </reporter-output>
  <suite name="Default suite" duration-ms="41731" started-at="2019-12-18T19:33:36 IST" finished-at="2019-12-18T19:34:18 IST">
    <groups>
    </groups>
    <test name="Default test" duration-ms="41731" started-at="2019-12-18T19:33:36 IST" finished-at="2019-12-18T19:34:18 IST">
      <class name="com.bridgelabz.linkedIn.testcases.LinkedInTest">
        <test-method status="PASS" signature="setUp()[pri:0, instance:com.bridgelabz.linkedIn.testcases.LinkedInTest@f4168b8]" name="setUp" is-config="true" duration-ms="3771" started-at="2019-12-18T19:33:36 IST" finished-at="2019-12-18T19:33:40 IST">
          <reporter-output>
          </reporter-output>
        </test-method> <!-- setUp -->
        <test-method status="PASS" signature="login()[pri:0, instance:com.bridgelabz.linkedIn.testcases.LinkedInTest@f4168b8]" name="login" duration-ms="37849" started-at="2019-12-18T19:33:40 IST" finished-at="2019-12-18T19:34:18 IST">
          <reporter-output>
          </reporter-output>
        </test-method> <!-- login -->
      </class> <!-- com.bridgelabz.linkedIn.testcases.LinkedInTest -->
    </test> <!-- Default test -->
  </suite> <!-- Default suite -->
</testng-results>
